[NX v22.7.2 Daemon Client] - 2026-06-05T22:16:38.792Z - [Messenger] Sending message type: HASH_MULTI_GLOB
[NX v22.7.2 Daemon Client] - 2026-06-05T22:16:38.794Z - [Messenger] Message sent
[NX v22.7.2 Daemon Client] - 2026-06-05T22:16:38.795Z - [Messenger] Received message, length: 2
[NX v22.7.2 Daemon Client] - 2026-06-05T22:16:38.798Z - [Messenger] Sending message type: GLOB
[NX v22.7.2 Daemon Client] - 2026-06-05T22:16:38.799Z - [Messenger] Message sent
[NX v22.7.2 Daemon Client] - 2026-06-05T22:16:38.799Z - [Messenger] Sending message type: HASH_MULTI_GLOB
[NX v22.7.2 Daemon Client] - 2026-06-05T22:16:38.799Z - [Messenger] Message sent
[NX v22.7.2 Daemon Client] - 2026-06-05T22:16:38.800Z - [Messenger] Socket error: read ECONNRESET
[NX v22.7.2 Daemon Client] - 2026-06-05T22:16:38.800Z - [Messenger] Socket error: write EPIPE
[NX v22.7.2 Daemon Client] - 2026-06-05T22:16:38.801Z - [ProjectGraphListener] Socket closed, triggering reconnection
[NX v22.7.2 Daemon Client] - 2026-06-05T22:16:38.801Z - [ProjectGraphListener] Starting reconnection for 1 callbacks
[NX v22.7.2 Daemon Client] - 2026-06-05T22:16:38.801Z - [Messenger] Sending message type: GLOB
[NX v22.7.2 Daemon Client] - 2026-06-05T22:16:38.801Z - [Client] Waiting for server (max: 6000 attempts, 10ms interval)
[NX v22.7.2 Daemon Client] - 2026-06-05T22:16:38.801Z - [Messenger] Message sent
[NX v22.7.2 Daemon Client] - 2026-06-05T22:16:38.803Z - [Reconnect] Connection error detected: Daemon process terminated and closed the connection

Messages from the log:
[NX v22.7.2 Daemon Client] - 2026-06-05T22:16:38.792Z - [Messenger] Sending message type: HASH_MULTI_GLOB
[NX v22.7.2 Daemon Client] - 2026-06-05T22:16:38.794Z - [Messenger] Message sent
[NX v22.7.2 Daemon Client] - 2026-06-05T22:16:38.795Z - [Messenger] Received message, length: 2
[NX v22.7.2 Daemon Client] - 2026-06-05T22:16:38.798Z - [Messenger] Sending message type: GLOB
[NX v22.7.2 Daemon Client] - 2026-06-05T22:16:38.799Z - [Messenger] Message sent
[NX v22.7.2 Daemon Client] - 2026-06-05T22:16:38.799Z - [Messenger] Sending message type: HASH_MULTI_GLOB
[NX v22.7.2 Daemon Client] - 2026-06-05T22:16:38.799Z - [Messenger] Message sent
[NX v22.7.2 Daemon Client] - 2026-06-05T22:16:38.800Z - [Messenger] Socket error: read ECONNRESET
[NX v22.7.2 Daemon Client] - 2026-06-05T22:16:38.800Z - [Messenger] Socket error: write EPIPE
[NX v22.7.2 Daemon Client] - 2026-06-05T22:16:38.801Z - [ProjectGraphListener] Socket closed, triggering reconnection
[NX v22.7.2 Daemon Client] - 2026-06-05T22:16:38.801Z - [ProjectGraphListener] Starting reconnection for 1 callbacks
[NX v22.7.2 Daemon Client] - 2026-06-05T22:16:38.801Z - [Messenger] Sending message type: GLOB
[NX v22.7.2 Daemon Client] - 2026-06-05T22:16:38.801Z - [Client] Waiting for server (max: 6000 attempts, 10ms interval)
[NX v22.7.2 Daemon Client] - 2026-06-05T22:16:38.801Z - [Messenger] Message sent



More information: /home/jeff/workspaces/ai/overture/.nx/workspace-data/d/daemon.log
[NX v22.7.2 Daemon Client] - 2026-06-05T22:16:38.803Z - [Client] Waiting for server (max: 6000 attempts, 10ms interval)
[NX v22.7.2 Daemon Client] - 2026-06-05T22:17:40.146Z - [Client] Server not available after 6000 attempts
[NX v22.7.2 Daemon Client] - 2026-06-05T22:17:40.146Z - [ProjectGraphListener] Failed to reconnect - server unavailable
